<?xml version="1.0" encoding="UTF-8"?>
<testsuite name="com.examplo.notificao.NotificaoApplicationTests" tests="1" skipped="0" failures="0" errors="0" timestamp="2019-03-01T18:32:16" hostname="rodrigoNote" time="0.332">
  <properties/>
  <testcase name="contextLoads" classname="com.examplo.notificao.NotificaoApplicationTests" time="0.332"/>
  <system-out><![CDATA[15:32:12.340 [Test worker] DEBUG org.springframework.test.context.junit4.SpringJUnit4ClassRunner - SpringJUnit4ClassRunner constructor called with [class com.examplo.notificao.NotificaoApplicationTests]
15:32:12.348 [Test worker] DEBUG org.springframework.test.context.BootstrapUtils - Instantiating CacheAwareContextLoaderDelegate from class [org.springframework.test.context.cache.DefaultCacheAwareContextLoaderDelegate]
15:32:12.361 [Test worker] DEBUG org.springframework.test.context.BootstrapUtils - Instantiating BootstrapContext using constructor [public org.springframework.test.context.support.DefaultBootstrapContext(java.lang.Class,org.springframework.test.context.CacheAwareContextLoaderDelegate)]
15:32:12.377 [Test worker] DEBUG org.springframework.test.context.BootstrapUtils - Instantiating TestContextBootstrapper for test class [com.examplo.notificao.NotificaoApplicationTests] from class [org.springframework.boot.test.context.SpringBootTestContextBootstrapper]
15:32:12.386 [Test worker] INFO org.springframework.boot.test.context.SpringBootTestContextBootstrapper - Neither @ContextConfiguration nor @ContextHierarchy found for test class [com.examplo.notificao.NotificaoApplicationTests], using SpringBootContextLoader
15:32:12.389 [Test worker] DEBUG org.springframework.test.context.support.AbstractContextLoader - Did not detect default resource location for test class [com.examplo.notificao.NotificaoApplicationTests]: class path resource [com/examplo/notificao/NotificaoApplicationTests-context.xml] does not exist
15:32:12.390 [Test worker] DEBUG org.springframework.test.context.support.AbstractContextLoader - Did not detect default resource location for test class [com.examplo.notificao.NotificaoApplicationTests]: class path resource [com/examplo/notificao/NotificaoApplicationTestsContext.groovy] does not exist
15:32:12.390 [Test worker] INFO org.springframework.test.context.support.AbstractContextLoader - Could not detect default resource locations for test class [com.examplo.notificao.NotificaoApplicationTests]: no resource found for suffixes {-context.xml, Context.groovy}.
15:32:12.391 [Test worker] INFO org.springframework.test.context.support.AnnotationConfigContextLoaderUtils - Could not detect default configuration classes for test class [com.examplo.notificao.NotificaoApplicationTests]: NotificaoApplicationTests does not declare any static, non-private, non-final, nested classes annotated with @Configuration.
15:32:12.425 [Test worker] DEBUG org.springframework.test.context.support.ActiveProfilesUtils - Could not find an 'annotation declaring class' for annotation type [org.springframework.test.context.ActiveProfiles] and class [com.examplo.notificao.NotificaoApplicationTests]
15:32:12.481 [Test worker] DEBUG org.springframework.context.annotation.ClassPathScanningCandidateComponentProvider - Identified candidate component class: file [/home/rodrigo/x/Notificacao/build/classes/java/main/com/examplo/notificao/NotificaoApplication.class]
15:32:12.482 [Test worker] INFO org.springframework.boot.test.context.SpringBootTestContextBootstrapper - Found @SpringBootConfiguration com.examplo.notificao.NotificaoApplication for test class com.examplo.notificao.NotificaoApplicationTests
15:32:12.543 [Test worker] DEBUG org.springframework.boot.test.context.SpringBootTestContextBootstrapper - @TestExecutionListeners is not present for class [com.examplo.notificao.NotificaoApplicationTests]: using defaults.
15:32:12.544 [Test worker] INFO org.springframework.boot.test.context.SpringBootTestContextBootstrapper - Loaded default TestExecutionListener class names from location [META-INF/spring.factories]: [org.springframework.boot.test.autoconfigure.restdocs.RestDocsTestExecutionListener, org.springframework.boot.test.autoconfigure.web.client.MockRestServiceServerResetTestExecutionListener, org.springframework.boot.test.autoconfigure.web.servlet.MockMvcPrintOnlyOnFailureTestExecutionListener, org.springframework.boot.test.autoconfigure.web.servlet.WebDriverTestExecutionListener, org.springframework.boot.test.mock.mockito.MockitoTestExecutionListener, org.springframework.boot.test.mock.mockito.ResetMocksTestExecutionListener, org.springframework.test.context.web.ServletTestExecutionListener, org.springframework.test.context.support.DirtiesContextBeforeModesTestExecutionListener, org.springframework.test.context.support.DependencyInjectionTestExecutionListener, org.springframework.test.context.support.DirtiesContextTestExecutionListener, org.springframework.test.context.transaction.TransactionalTestExecutionListener, org.springframework.test.context.jdbc.SqlScriptsTestExecutionListener]
15:32:12.551 [Test worker] DEBUG org.springframework.boot.test.context.SpringBootTestContextBootstrapper - Skipping candidate TestExecutionListener [org.springframework.test.context.transaction.TransactionalTestExecutionListener] due to a missing dependency. Specify custom listener classes or make the default listener classes and their required dependencies available. Offending class: [org/springframework/transaction/TransactionDefinition]
15:32:12.552 [Test worker] DEBUG org.springframework.boot.test.context.SpringBootTestContextBootstrapper - Skipping candidate TestExecutionListener [org.springframework.test.context.jdbc.SqlScriptsTestExecutionListener] due to a missing dependency. Specify custom listener classes or make the default listener classes and their required dependencies available. Offending class: [org/springframework/transaction/interceptor/TransactionAttribute]
15:32:12.552 [Test worker] INFO org.springframework.boot.test.context.SpringBootTestContextBootstrapper - Using TestExecutionListeners: [org.springframework.test.context.web.ServletTestExecutionListener@39d4426, org.springframework.test.context.support.DirtiesContextBeforeModesTestExecutionListener@26564530, org.springframework.boot.test.mock.mockito.MockitoTestExecutionListener@4271d09b, org.springframework.boot.test.autoconfigure.SpringBootDependencyInjectionTestExecutionListener@5a8d72ae, org.springframework.test.context.support.DirtiesContextTestExecutionListener@33d8b1ad, org.springframework.boot.test.autoconfigure.restdocs.RestDocsTestExecutionListener@27b31d23, org.springframework.boot.test.autoconfigure.web.client.MockRestServiceServerResetTestExecutionListener@6b8af446, org.springframework.boot.test.autoconfigure.web.servlet.MockMvcPrintOnlyOnFailureTestExecutionListener@5aa3e39b, org.springframework.boot.test.autoconfigure.web.servlet.WebDriverTestExecutionListener@2c8064bb, org.springframework.boot.test.mock.mockito.ResetMocksTestExecutionListener@13e53e0d]
15:32:12.555 [Test worker] DEBUG org.springframework.test.annotation.ProfileValueUtils - Retrieved @ProfileValueSourceConfiguration [null] for test class [com.examplo.notificao.NotificaoApplicationTests]
15:32:12.555 [Test worker] DEBUG org.springframework.test.annotation.ProfileValueUtils - Retrieved ProfileValueSource type [class org.springframework.test.annotation.SystemProfileValueSource] for class [com.examplo.notificao.NotificaoApplicationTests]
15:32:12.556 [Test worker] DEBUG org.springframework.test.annotation.ProfileValueUtils - Retrieved @ProfileValueSourceConfiguration [null] for test class [com.examplo.notificao.NotificaoApplicationTests]
15:32:12.556 [Test worker] DEBUG org.springframework.test.annotation.ProfileValueUtils - Retrieved ProfileValueSource type [class org.springframework.test.annotation.SystemProfileValueSource] for class [com.examplo.notificao.NotificaoApplicationTests]
15:32:12.560 [Test worker] DEBUG org.springframework.test.context.support.AbstractDirtiesContextTestExecutionListener - Before test class: context [DefaultTestContext@3441de5 testClass = NotificaoApplicationTests, testInstance = [null], testMethod = [null], testException = [null], mergedContextConfiguration = [WebMergedContextConfiguration@553a10f5 testClass = NotificaoApplicationTests, locations = '{}', classes = '{class com.examplo.notificao.NotificaoApplication}', contextInitializerClasses = '[]', activeProfiles = '{}', propertySourceLocations = '{}', propertySourceProperties = '{org.springframework.boot.test.context.SpringBootTestContextBootstrapper=true}', contextCustomizers = set[org.springframework.boot.test.autoconfigure.properties.PropertyMappingContextCustomizer@0, org.springframework.boot.test.autoconfigure.web.servlet.WebDriverContextCustomizerFactory$Customizer@205cd9b2, org.springframework.boot.test.context.filter.ExcludeFilterContextCustomizer@69f19989, org.springframework.boot.test.json.DuplicateJsonObjectContextCustomizerFactory$DuplicateJsonObjectContextCustomizer@52396fd5, org.springframework.boot.test.mock.mockito.MockitoContextCustomizer@0, org.springframework.boot.test.web.client.TestRestTemplateContextCustomizer@5d07c593], resourceBasePath = 'src/main/webapp', contextLoader = 'org.springframework.boot.test.context.SpringBootContextLoader', parent = [null]], attributes = map['org.springframework.test.context.web.ServletTestExecutionListener.activateListener' -> true]], class annotated with @DirtiesContext [false] with mode [null].
15:32:12.561 [Test worker] DEBUG org.springframework.test.annotation.ProfileValueUtils - Retrieved @ProfileValueSourceConfiguration [null] for test class [com.examplo.notificao.NotificaoApplicationTests]
15:32:12.561 [Test worker] DEBUG org.springframework.test.annotation.ProfileValueUtils - Retrieved ProfileValueSource type [class org.springframework.test.annotation.SystemProfileValueSource] for class [com.examplo.notificao.NotificaoApplicationTests]
15:32:12.576 [Test worker] DEBUG org.springframework.test.context.support.TestPropertySourceUtils - Adding inlined properties to environment: {spring.jmx.enabled=false, org.springframework.boot.test.context.SpringBootTestContextBootstrapper=true, server.port=-1}

  .   ____          _            __ _ _
 /\\ / ___'_ __ _ _(_)_ __  __ _ \ \ \ \
( ( )\___ | '_ | '_| | '_ \/ _` | \ \ \ \
 \\/  ___)| |_)| | | | | || (_| |  ) ) ) )
  '  |____| .__|_| |_|_| |_\__, | / / / /
 =========|_|==============|___/=/_/_/_/
 :: Spring Boot ::        (v2.1.3.RELEASE)

2019-03-01 15:32:12.933  INFO 21328 --- [    Test worker] c.e.notificao.NotificaoApplicationTests  : Starting NotificaoApplicationTests on rodrigoNote with PID 21328 (started by rodrigo in /home/rodrigo/x/Notificacao)
2019-03-01 15:32:12.935  INFO 21328 --- [    Test worker] c.e.notificao.NotificaoApplicationTests  : No active profile set, falling back to default profiles: default
2019-03-01 15:32:15.699  INFO 21328 --- [    Test worker] pertySourcedRequestMappingHandlerMapping : Mapped URL path [/v2/api-docs] onto method [public org.springframework.http.ResponseEntity<springfox.documentation.spring.web.json.Json> springfox.documentation.swagger2.web.Swagger2Controller.getDocumentation(java.lang.String,javax.servlet.http.HttpServletRequest)]
2019-03-01 15:32:16.359  INFO 21328 --- [    Test worker] o.s.s.concurrent.ThreadPoolTaskExecutor  : Initializing ExecutorService 'applicationTaskExecutor'
2019-03-01 15:32:16.577  INFO 21328 --- [    Test worker] d.s.w.p.DocumentationPluginsBootstrapper : Context refreshed
2019-03-01 15:32:16.591  INFO 21328 --- [    Test worker] d.s.w.p.DocumentationPluginsBootstrapper : Found 1 custom documentation plugin(s)
2019-03-01 15:32:16.610  INFO 21328 --- [    Test worker] s.d.s.w.s.ApiListingReferenceScanner     : Scanning for api listing references
2019-03-01 15:32:16.761  INFO 21328 --- [    Test worker] c.e.notificao.NotificaoApplicationTests  : Started NotificaoApplicationTests in 4.178 seconds (JVM running for 5.316)
]]></system-out>
  <system-err><![CDATA[]]></system-err>
</testsuite>
